{
  "RSpec": {
    "coverage": {
      "/Users/noahaklem/flatiron_coursework/phase_0/tic_tac_toe/tic-tac-toe-rb/lib/tic_tac_toe.rb": [
        null,
        1,
        null,
        null,
        null,
        null,
        null,
        null,
        null,
        null,
        null,
        1,
        4,
        4,
        4,
        4,
        4,
        null,
        null,
        1,
        6,
        null,
        null,
        1,
        5,
        null,
        null,
        1,
        17,
        null,
        null,
        1,
        6,
        null,
        null,
        1,
        40,
        null,
        null,
        1,
        3,
        null,
        null,
        1,
        3,
        3,
        3,
        2,
        2,
        null,
        1,
        null,
        null,
        null,
        1,
        13,
        82,
        null,
        null,
        null,
        null,
        null,
        1,
        62,
        null,
        null,
        1,
        7,
        null,
        null,
        1,
        3,
        null,
        null,
        1,
        3,
        null
      ]
    },
    "timestamp": 1693879787
  }
}
